2020-09-23T04:36:48.819997+01:00 0 [System] [MY-013169] [Server] /usr/sbin/mysqld (mysqld 8.0.21) initializing of server in progress as process 43
2020-09-23T04:36:48.837912+01:00 1 [System] [MY-013576] [InnoDB] InnoDB initialization has started.
2020-09-23T04:36:50.957702+01:00 1 [System] [MY-013577] [InnoDB] InnoDB initialization has ended.
2020-09-23T04:36:52.096696+01:00 6 [Warning] [MY-010453] [Server] root@localhost is created with an empty password ! Please consider switching off the --initialize-insecure option.
2020-09-23T04:36:58.929566+01:00 0 [System] [MY-010116] [Server] /usr/sbin/mysqld (mysqld 8.0.21) starting as process 90
2020-09-23T04:36:58.950926+01:00 1 [System] [MY-013576] [InnoDB] InnoDB initialization has started.
2020-09-23T04:36:59.136635+01:00 1 [System] [MY-013577] [InnoDB] InnoDB initialization has ended.
2020-09-23T04:36:59.212711+01:00 0 [System] [MY-011323] [Server] X Plugin ready for connections. Socket: /var/run/mysqld/mysqlx.sock
2020-09-23T04:36:59.303456+01:00 0 [Warning] [MY-010068] [Server] CA certificate ca.pem is self signed.
2020-09-23T04:36:59.304036+01:00 0 [System] [MY-013602] [Server] Channel mysql_main configured to support TLS. Encrypted connections are now supported for this channel.
2020-09-23T04:36:59.306393+01:00 0 [Warning] [MY-011810] [Server] Insecure configuration for --pid-file: Location '/var/run/mysqld' in the path is accessible to all OS users. Consider choosing a different directory.
2020-09-23T04:36:59.319728+01:00 0 [System] [MY-010931] [Server] /usr/sbin/mysqld: ready for connections. Version: '8.0.21'  socket: '/var/run/mysqld/mysqld.sock'  port: 0  MySQL Community Server - GPL.
2020-09-23T04:37:05.179141+01:00 14 [System] [MY-013172] [Server] Received SHUTDOWN from user root. Shutting down mysqld (Version: 8.0.21).
2020-09-23T04:37:07.227821+01:00 0 [System] [MY-010910] [Server] /usr/sbin/mysqld: Shutdown complete (mysqld 8.0.21)  MySQL Community Server - GPL.
2020-09-23T04:37:08.401236+01:00 0 [System] [MY-010116] [Server] /usr/sbin/mysqld (mysqld 8.0.21) starting as process 1
2020-09-23T04:37:08.411512+01:00 1 [System] [MY-013576] [InnoDB] InnoDB initialization has started.
2020-09-23T04:37:08.589643+01:00 1 [System] [MY-013577] [InnoDB] InnoDB initialization has ended.
2020-09-23T04:37:08.672203+01:00 0 [System] [MY-011323] [Server] X Plugin ready for connections. Bind-address: '::' port: 33060, socket: /var/run/mysqld/mysqlx.sock
2020-09-23T04:37:08.977155+01:00 0 [Warning] [MY-010068] [Server] CA certificate ca.pem is self signed.
2020-09-23T04:37:08.977999+01:00 0 [System] [MY-013602] [Server] Channel mysql_main configured to support TLS. Encrypted connections are now supported for this channel.
2020-09-23T04:37:08.982008+01:00 0 [Warning] [MY-011810] [Server] Insecure configuration for --pid-file: Location '/var/run/mysqld' in the path is accessible to all OS users. Consider choosing a different directory.
2020-09-23T04:37:08.997970+01:00 0 [System] [MY-010931] [Server] /usr/sbin/mysqld: ready for connections. Version: '8.0.21'  socket: '/var/run/mysqld/mysqld.sock'  port: 3306  MySQL Community Server - GPL.
2020-09-23T05:00:10.043832+01:00 0 [System] [MY-013172] [Server] Received SHUTDOWN from user <via user signal>. Shutting down mysqld (Version: 8.0.21).
2020-09-23T05:00:11.522709+01:00 0 [System] [MY-010910] [Server] /usr/sbin/mysqld: Shutdown complete (mysqld 8.0.21)  MySQL Community Server - GPL.
2020-09-23T05:00:36.731684+01:00 0 [System] [MY-013169] [Server] /usr/sbin/mysqld (mysqld 8.0.21) initializing of server in progress as process 42
2020-09-23T05:00:36.737797+01:00 1 [System] [MY-013576] [InnoDB] InnoDB initialization has started.
2020-09-23T05:00:38.167570+01:00 1 [System] [MY-013577] [InnoDB] InnoDB initialization has ended.
2020-09-23T05:00:39.553856+01:00 6 [Warning] [MY-010453] [Server] root@localhost is created with an empty password ! Please consider switching off the --initialize-insecure option.
2020-09-23T05:00:47.540234+01:00 0 [System] [MY-010116] [Server] /usr/sbin/mysqld (mysqld 8.0.21) starting as process 89
2020-09-23T05:00:47.565658+01:00 1 [System] [MY-013576] [InnoDB] InnoDB initialization has started.
2020-09-23T05:00:47.854863+01:00 1 [System] [MY-013577] [InnoDB] InnoDB initialization has ended.
2020-09-23T05:00:47.963967+01:00 0 [System] [MY-011323] [Server] X Plugin ready for connections. Socket: /var/run/mysqld/mysqlx.sock
2020-09-23T05:00:48.079112+01:00 0 [Warning] [MY-010068] [Server] CA certificate ca.pem is self signed.
2020-09-23T05:00:48.079699+01:00 0 [System] [MY-013602] [Server] Channel mysql_main configured to support TLS. Encrypted connections are now supported for this channel.
2020-09-23T05:00:48.087903+01:00 0 [Warning] [MY-011810] [Server] Insecure configuration for --pid-file: Location '/var/run/mysqld' in the path is accessible to all OS users. Consider choosing a different directory.
2020-09-23T05:00:48.102649+01:00 0 [System] [MY-010931] [Server] /usr/sbin/mysqld: ready for connections. Version: '8.0.21'  socket: '/var/run/mysqld/mysqld.sock'  port: 0  MySQL Community Server - GPL.
2020-09-23T05:00:54.143188+01:00 14 [System] [MY-013172] [Server] Received SHUTDOWN from user root. Shutting down mysqld (Version: 8.0.21).
2020-09-23T05:00:56.942862+01:00 0 [System] [MY-010910] [Server] /usr/sbin/mysqld: Shutdown complete (mysqld 8.0.21)  MySQL Community Server - GPL.
2020-09-23T05:00:57.354136+01:00 0 [System] [MY-010116] [Server] /usr/sbin/mysqld (mysqld 8.0.21) starting as process 1
2020-09-23T05:00:57.364455+01:00 1 [System] [MY-013576] [InnoDB] InnoDB initialization has started.
2020-09-23T05:00:57.536358+01:00 1 [System] [MY-013577] [InnoDB] InnoDB initialization has ended.
2020-09-23T05:00:57.613329+01:00 0 [System] [MY-011323] [Server] X Plugin ready for connections. Bind-address: '::' port: 33060, socket: /var/run/mysqld/mysqlx.sock
2020-09-23T05:00:57.671414+01:00 0 [Warning] [MY-010068] [Server] CA certificate ca.pem is self signed.
2020-09-23T05:00:57.672127+01:00 0 [System] [MY-013602] [Server] Channel mysql_main configured to support TLS. Encrypted connections are now supported for this channel.
2020-09-23T05:00:57.675212+01:00 0 [Warning] [MY-011810] [Server] Insecure configuration for --pid-file: Location '/var/run/mysqld' in the path is accessible to all OS users. Consider choosing a different directory.
2020-09-23T05:00:57.687913+01:00 0 [System] [MY-010931] [Server] /usr/sbin/mysqld: ready for connections. Version: '8.0.21'  socket: '/var/run/mysqld/mysqld.sock'  port: 3306  MySQL Community Server - GPL.
2020-09-23T05:09:17.761409+01:00 0 [System] [MY-013172] [Server] Received SHUTDOWN from user <via user signal>. Shutting down mysqld (Version: 8.0.21).
2020-09-23T05:09:19.126256+01:00 0 [System] [MY-010910] [Server] /usr/sbin/mysqld: Shutdown complete (mysqld 8.0.21)  MySQL Community Server - GPL.
2020-09-25T03:31:02.502390+01:00 0 [System] [MY-010116] [Server] /usr/sbin/mysqld (mysqld 8.0.21) starting as process 1
2020-09-25T03:31:02.517970+01:00 1 [System] [MY-013576] [InnoDB] InnoDB initialization has started.
2020-09-25T03:31:02.776895+01:00 1 [System] [MY-013577] [InnoDB] InnoDB initialization has ended.
2020-09-25T03:31:02.908023+01:00 0 [System] [MY-011323] [Server] X Plugin ready for connections. Bind-address: '::' port: 33060, socket: /var/run/mysqld/mysqlx.sock
2020-09-25T03:31:02.978513+01:00 0 [Warning] [MY-010068] [Server] CA certificate ca.pem is self signed.
2020-09-25T03:31:02.979117+01:00 0 [System] [MY-013602] [Server] Channel mysql_main configured to support TLS. Encrypted connections are now supported for this channel.
2020-09-25T03:31:02.982989+01:00 0 [Warning] [MY-011810] [Server] Insecure configuration for --pid-file: Location '/var/run/mysqld' in the path is accessible to all OS users. Consider choosing a different directory.
2020-09-25T03:31:03.014558+01:00 0 [System] [MY-010931] [Server] /usr/sbin/mysqld: ready for connections. Version: '8.0.21'  socket: '/var/run/mysqld/mysqld.sock'  port: 3306  MySQL Community Server - GPL.
mbind: Operation not permitted
mbind: Operation not permitted
2020-09-26T17:33:51.031355+01:00 0 [System] [MY-013169] [Server] /usr/sbin/mysqld (mysqld 8.0.21) initializing of server in progress as process 43
2020-09-26T17:33:51.071040+01:00 1 [System] [MY-013576] [InnoDB] InnoDB initialization has started.
2020-09-26T17:33:55.779745+01:00 1 [System] [MY-013577] [InnoDB] InnoDB initialization has ended.
2020-09-26T17:34:01.093508+01:00 6 [Warning] [MY-010453] [Server] root@localhost is created with an empty password ! Please consider switching off the --initialize-insecure option.
2020-09-26T17:34:31.498487+01:00 0 [System] [MY-010116] [Server] /usr/sbin/mysqld (mysqld 8.0.21) starting as process 90
2020-09-26T17:34:31.561291+01:00 1 [System] [MY-013576] [InnoDB] InnoDB initialization has started.
2020-09-26T17:34:32.148421+01:00 1 [System] [MY-013577] [InnoDB] InnoDB initialization has ended.
2020-09-26T17:34:32.358172+01:00 0 [System] [MY-011323] [Server] X Plugin ready for connections. Socket: /var/run/mysqld/mysqlx.sock
2020-09-26T17:34:32.682885+01:00 0 [Warning] [MY-010068] [Server] CA certificate ca.pem is self signed.
2020-09-26T17:34:32.684315+01:00 0 [System] [MY-013602] [Server] Channel mysql_main configured to support TLS. Encrypted connections are now supported for this channel.
2020-09-26T17:34:32.696201+01:00 0 [Warning] [MY-011810] [Server] Insecure configuration for --pid-file: Location '/var/run/mysqld' in the path is accessible to all OS users. Consider choosing a different directory.
2020-09-26T17:34:32.740133+01:00 0 [System] [MY-010931] [Server] /usr/sbin/mysqld: ready for connections. Version: '8.0.21'  socket: '/var/run/mysqld/mysqld.sock'  port: 0  MySQL Community Server - GPL.
2020-09-26T17:35:10.377143+01:00 14 [System] [MY-013172] [Server] Received SHUTDOWN from user root. Shutting down mysqld (Version: 8.0.21).
2020-09-26T17:35:13.719751+01:00 0 [System] [MY-010910] [Server] /usr/sbin/mysqld: Shutdown complete (mysqld 8.0.21)  MySQL Community Server - GPL.
2020-09-26T17:35:14.738191+01:00 0 [System] [MY-010116] [Server] /usr/sbin/mysqld (mysqld 8.0.21) starting as process 1
2020-09-26T17:35:14.778493+01:00 1 [System] [MY-013576] [InnoDB] InnoDB initialization has started.
2020-09-26T17:35:15.368801+01:00 1 [System] [MY-013577] [InnoDB] InnoDB initialization has ended.
2020-09-26T17:35:15.662431+01:00 0 [System] [MY-011323] [Server] X Plugin ready for connections. Bind-address: '::' port: 33060, socket: /var/run/mysqld/mysqlx.sock
2020-09-26T17:35:15.875616+01:00 0 [Warning] [MY-010068] [Server] CA certificate ca.pem is self signed.
2020-09-26T17:35:15.877507+01:00 0 [System] [MY-013602] [Server] Channel mysql_main configured to support TLS. Encrypted connections are now supported for this channel.
2020-09-26T17:35:15.894674+01:00 0 [Warning] [MY-011810] [Server] Insecure configuration for --pid-file: Location '/var/run/mysqld' in the path is accessible to all OS users. Consider choosing a different directory.
2020-09-26T17:35:15.943408+01:00 0 [System] [MY-010931] [Server] /usr/sbin/mysqld: ready for connections. Version: '8.0.21'  socket: '/var/run/mysqld/mysqld.sock'  port: 3306  MySQL Community Server - GPL.
2020-09-27T15:15:41.443215+01:00 0 [System] [MY-010116] [Server] /usr/sbin/mysqld (mysqld 8.0.21) starting as process 1
2020-09-27T15:15:41.558234+01:00 1 [System] [MY-013576] [InnoDB] InnoDB initialization has started.
2020-09-27T15:15:42.991707+01:00 1 [System] [MY-013577] [InnoDB] InnoDB initialization has ended.
2020-09-27T15:15:43.891113+01:00 0 [System] [MY-011323] [Server] X Plugin ready for connections. Bind-address: '::' port: 33060, socket: /var/run/mysqld/mysqlx.sock
2020-09-27T15:15:44.386401+01:00 0 [Warning] [MY-010068] [Server] CA certificate ca.pem is self signed.
2020-09-27T15:15:44.387873+01:00 0 [System] [MY-013602] [Server] Channel mysql_main configured to support TLS. Encrypted connections are now supported for this channel.
2020-09-27T15:15:44.408168+01:00 0 [Warning] [MY-011810] [Server] Insecure configuration for --pid-file: Location '/var/run/mysqld' in the path is accessible to all OS users. Consider choosing a different directory.
2020-09-27T15:15:44.687056+01:00 0 [System] [MY-010931] [Server] /usr/sbin/mysqld: ready for connections. Version: '8.0.21'  socket: '/var/run/mysqld/mysqld.sock'  port: 3306  MySQL Community Server - GPL.
mbind: Operation not permitted
mbind: Operation not permitted
2020-10-01T15:50:20.414514+01:00 0 [System] [MY-010116] [Server] /usr/sbin/mysqld (mysqld 8.0.21) starting as process 1
2020-10-01T15:50:20.473366+01:00 1 [System] [MY-013576] [InnoDB] InnoDB initialization has started.
2020-10-01T15:50:21.074797+01:00 1 [System] [MY-013577] [InnoDB] InnoDB initialization has ended.
2020-10-01T15:50:21.407501+01:00 0 [System] [MY-011323] [Server] X Plugin ready for connections. Bind-address: '::' port: 33060, socket: /var/run/mysqld/mysqlx.sock
2020-10-01T15:50:21.607454+01:00 0 [Warning] [MY-010068] [Server] CA certificate ca.pem is self signed.
2020-10-01T15:50:21.608575+01:00 0 [System] [MY-013602] [Server] Channel mysql_main configured to support TLS. Encrypted connections are now supported for this channel.
2020-10-01T15:50:21.626308+01:00 0 [Warning] [MY-011810] [Server] Insecure configuration for --pid-file: Location '/var/run/mysqld' in the path is accessible to all OS users. Consider choosing a different directory.
2020-10-01T15:50:21.727475+01:00 0 [System] [MY-010931] [Server] /usr/sbin/mysqld: ready for connections. Version: '8.0.21'  socket: '/var/run/mysqld/mysqld.sock'  port: 3306  MySQL Community Server - GPL.
2020-10-01T16:15:37.131144+01:00 0 [System] [MY-013172] [Server] Received SHUTDOWN from user <via user signal>. Shutting down mysqld (Version: 8.0.21).
2020-10-01T16:15:39.116280+01:00 0 [System] [MY-010910] [Server] /usr/sbin/mysqld: Shutdown complete (mysqld 8.0.21)  MySQL Community Server - GPL.
2020-10-01T16:16:23.128269+01:00 0 [System] [MY-013169] [Server] /usr/sbin/mysqld (mysqld 8.0.21) initializing of server in progress as process 42
2020-10-01T16:16:23.159710+01:00 1 [System] [MY-013576] [InnoDB] InnoDB initialization has started.
2020-10-01T16:16:30.967408+01:00 1 [System] [MY-013577] [InnoDB] InnoDB initialization has ended.
2020-10-01T16:16:37.596655+01:00 6 [Warning] [MY-010453] [Server] root@localhost is created with an empty password ! Please consider switching off the --initialize-insecure option.
2020-10-01T16:17:06.051245+01:00 0 [System] [MY-010116] [Server] /usr/sbin/mysqld (mysqld 8.0.21) starting as process 89
2020-10-01T16:17:06.105228+01:00 1 [System] [MY-013576] [InnoDB] InnoDB initialization has started.
2020-10-01T16:17:06.705667+01:00 1 [System] [MY-013577] [InnoDB] InnoDB initialization has ended.
2020-10-01T16:17:06.988573+01:00 0 [System] [MY-011323] [Server] X Plugin ready for connections. Socket: /var/run/mysqld/mysqlx.sock
2020-10-01T16:17:07.281740+01:00 0 [Warning] [MY-010068] [Server] CA certificate ca.pem is self signed.
2020-10-01T16:17:07.284201+01:00 0 [System] [MY-013602] [Server] Channel mysql_main configured to support TLS. Encrypted connections are now supported for this channel.
2020-10-01T16:17:07.295657+01:00 0 [Warning] [MY-011810] [Server] Insecure configuration for --pid-file: Location '/var/run/mysqld' in the path is accessible to all OS users. Consider choosing a different directory.
2020-10-01T16:17:07.337784+01:00 0 [System] [MY-010931] [Server] /usr/sbin/mysqld: ready for connections. Version: '8.0.21'  socket: '/var/run/mysqld/mysqld.sock'  port: 0  MySQL Community Server - GPL.
2020-10-01T16:17:40.463666+01:00 14 [System] [MY-013172] [Server] Received SHUTDOWN from user root. Shutting down mysqld (Version: 8.0.21).
2020-10-01T16:17:44.489998+01:00 0 [System] [MY-010910] [Server] /usr/sbin/mysqld: Shutdown complete (mysqld 8.0.21)  MySQL Community Server - GPL.
2020-10-01T16:17:45.840148+01:00 0 [System] [MY-010116] [Server] /usr/sbin/mysqld (mysqld 8.0.21) starting as process 1
2020-10-01T16:17:45.873103+01:00 1 [System] [MY-013576] [InnoDB] InnoDB initialization has started.
2020-10-01T16:17:46.388447+01:00 1 [System] [MY-013577] [InnoDB] InnoDB initialization has ended.
2020-10-01T16:17:46.587451+01:00 0 [System] [MY-011323] [Server] X Plugin ready for connections. Bind-address: '::' port: 33060, socket: /var/run/mysqld/mysqlx.sock
2020-10-01T16:17:46.837232+01:00 0 [Warning] [MY-010068] [Server] CA certificate ca.pem is self signed.
2020-10-01T16:17:46.839212+01:00 0 [System] [MY-013602] [Server] Channel mysql_main configured to support TLS. Encrypted connections are now supported for this channel.
2020-10-01T16:17:46.852598+01:00 0 [Warning] [MY-011810] [Server] Insecure configuration for --pid-file: Location '/var/run/mysqld' in the path is accessible to all OS users. Consider choosing a different directory.
2020-10-01T16:17:46.895718+01:00 0 [System] [MY-010931] [Server] /usr/sbin/mysqld: ready for connections. Version: '8.0.21'  socket: '/var/run/mysqld/mysqld.sock'  port: 3306  MySQL Community Server - GPL.
